<?xml version="1.0" encoding="UTF-8"?>
<testng-results ignored="0" total="10" passed="10" failed="0" skipped="0">
  <reporter-output>
  </reporter-output>
  <suite started-at="2024-03-30T13:29:53 BDT" name="Surefire suite" finished-at="2024-03-30T13:30:26 BDT" duration-ms="33567">
    <groups>
      <group name="cucumber">
        <method signature="AbstractTestNGCucumberTests.runScenario(io.cucumber.testng.PickleWrapper,io.cucumber.testng.FeatureWrapper)[pri:0, instance:testrunners.CucumberTestRunner@3cebbb30]" name="runScenario" class="io.cucumber.testng.AbstractTestNGCucumberTests"/>
      </group> <!-- cucumber -->
    </groups>
    <test started-at="2024-03-30T13:29:53 BDT" name="Surefire test" finished-at="2024-03-30T13:30:26 BDT" duration-ms="33567">
      <class name="testrunners.CucumberTestRunner">
        <test-method is-config="true" signature="setUpClass(org.testng.ITestContext)[pri:0, instance:testrunners.CucumberTestRunner@3cebbb30]" started-at="2024-03-30T13:29:53 BDT" name="setUpClass" finished-at="2024-03-30T13:29:54 BDT" duration-ms="750" status="PASS">
          <params>
            <param index="0">
              <value>
                <![CDATA[org.testng.TestRunner@5a1dddba]]>
              </value>
            </param>
          </params>
          <reporter-output>
          </reporter-output>
        </test-method> <!-- setUpClass -->
        <test-method signature="runScenario(io.cucumber.testng.PickleWrapper,io.cucumber.testng.FeatureWrapper)[pri:0, instance:testrunners.CucumberTestRunner@3cebbb30]" started-at="2024-03-30T13:29:54 BDT" name="runScenario" description="Runs Cucumber Scenarios" data-provider="scenarios" finished-at="2024-03-30T13:29:59 BDT" duration-ms="5932" status="PASS">
          <params>
            <param index="0">
              <value>
                <![CDATA["User should be able to log in with valid credentials"]]>
              </value>
            </param>
            <param index="1">
              <value>
                <![CDATA["Optional[Login feature]"]]>
              </value>
            </param>
          </params>
          <reporter-output>
          </reporter-output>
        </test-method> <!-- runScenario -->
        <test-method signature="runScenario(io.cucumber.testng.PickleWrapper,io.cucumber.testng.FeatureWrapper)[pri:0, instance:testrunners.CucumberTestRunner@3cebbb30]" started-at="2024-03-30T13:29:54 BDT" name="runScenario" description="Runs Cucumber Scenarios" data-provider="scenarios" finished-at="2024-03-30T13:30:00 BDT" duration-ms="6050" status="PASS">
          <params>
            <param index="0">
              <value>
                <![CDATA["User should not be able to login with an invalid password"]]>
              </value>
            </param>
            <param index="1">
              <value>
                <![CDATA["Optional[Login feature]"]]>
              </value>
            </param>
          </params>
          <reporter-output>
          </reporter-output>
        </test-method> <!-- runScenario -->
        <test-method signature="runScenario(io.cucumber.testng.PickleWrapper,io.cucumber.testng.FeatureWrapper)[pri:0, instance:testrunners.CucumberTestRunner@3cebbb30]" started-at="2024-03-30T13:29:59 BDT" name="runScenario" description="Runs Cucumber Scenarios" data-provider="scenarios" finished-at="2024-03-30T13:30:05 BDT" duration-ms="5352" status="PASS">
          <params>
            <param index="0">
              <value>
                <![CDATA["User should not be able to login without username"]]>
              </value>
            </param>
            <param index="1">
              <value>
                <![CDATA["Optional[Login feature]"]]>
              </value>
            </param>
          </params>
          <reporter-output>
          </reporter-output>
        </test-method> <!-- runScenario -->
        <test-method signature="runScenario(io.cucumber.testng.PickleWrapper,io.cucumber.testng.FeatureWrapper)[pri:0, instance:testrunners.CucumberTestRunner@3cebbb30]" started-at="2024-03-30T13:30:00 BDT" name="runScenario" description="Runs Cucumber Scenarios" data-provider="scenarios" finished-at="2024-03-30T13:30:05 BDT" duration-ms="5321" status="PASS">
          <params>
            <param index="0">
              <value>
                <![CDATA["User should not be able to login without password"]]>
              </value>
            </param>
            <param index="1">
              <value>
                <![CDATA["Optional[Login feature]"]]>
              </value>
            </param>
          </params>
          <reporter-output>
          </reporter-output>
        </test-method> <!-- runScenario -->
        <test-method signature="runScenario(io.cucumber.testng.PickleWrapper,io.cucumber.testng.FeatureWrapper)[pri:0, instance:testrunners.CucumberTestRunner@3cebbb30]" started-at="2024-03-30T13:30:05 BDT" name="runScenario" description="Runs Cucumber Scenarios" data-provider="scenarios" finished-at="2024-03-30T13:30:10 BDT" duration-ms="5098" status="PASS">
          <params>
            <param index="0">
              <value>
                <![CDATA["User should not be able to login without username and password"]]>
              </value>
            </param>
            <param index="1">
              <value>
                <![CDATA["Optional[Login feature]"]]>
              </value>
            </param>
          </params>
          <reporter-output>
          </reporter-output>
        </test-method> <!-- runScenario -->
        <test-method signature="runScenario(io.cucumber.testng.PickleWrapper,io.cucumber.testng.FeatureWrapper)[pri:0, instance:testrunners.CucumberTestRunner@3cebbb30]" started-at="2024-03-30T13:30:05 BDT" name="runScenario" description="Runs Cucumber Scenarios" data-provider="scenarios" finished-at="2024-03-30T13:30:10 BDT" duration-ms="5581" status="PASS">
          <params>
            <param index="0">
              <value>
                <![CDATA["User should not be able to login with invalid credentials"]]>
              </value>
            </param>
            <param index="1">
              <value>
                <![CDATA["Optional[Login feature]"]]>
              </value>
            </param>
          </params>
          <reporter-output>
          </reporter-output>
        </test-method> <!-- runScenario -->
        <test-method signature="runScenario(io.cucumber.testng.PickleWrapper,io.cucumber.testng.FeatureWrapper)[pri:0, instance:testrunners.CucumberTestRunner@3cebbb30]" started-at="2024-03-30T13:30:10 BDT" name="runScenario" description="Runs Cucumber Scenarios" data-provider="scenarios" finished-at="2024-03-30T13:30:16 BDT" duration-ms="5588" status="PASS">
          <params>
            <param index="0">
              <value>
                <![CDATA["User should not be able to login with invalid credentials"]]>
              </value>
            </param>
            <param index="1">
              <value>
                <![CDATA["Optional[Login feature]"]]>
              </value>
            </param>
          </params>
          <reporter-output>
          </reporter-output>
        </test-method> <!-- runScenario -->
        <test-method signature="runScenario(io.cucumber.testng.PickleWrapper,io.cucumber.testng.FeatureWrapper)[pri:0, instance:testrunners.CucumberTestRunner@3cebbb30]" started-at="2024-03-30T13:30:10 BDT" name="runScenario" description="Runs Cucumber Scenarios" data-provider="scenarios" finished-at="2024-03-30T13:30:16 BDT" duration-ms="5348" status="PASS">
          <params>
            <param index="0">
              <value>
                <![CDATA["User should not be able to login with invalid credentials"]]>
              </value>
            </param>
            <param index="1">
              <value>
                <![CDATA["Optional[Login feature]"]]>
              </value>
            </param>
          </params>
          <reporter-output>
          </reporter-output>
        </test-method> <!-- runScenario -->
        <test-method signature="runScenario(io.cucumber.testng.PickleWrapper,io.cucumber.testng.FeatureWrapper)[pri:0, instance:testrunners.CucumberTestRunner@3cebbb30]" started-at="2024-03-30T13:30:16 BDT" name="runScenario" description="Runs Cucumber Scenarios" data-provider="scenarios" finished-at="2024-03-30T13:30:21 BDT" duration-ms="5056" status="PASS">
          <params>
            <param index="0">
              <value>
                <![CDATA["User should not be able to login with invalid credentials"]]>
              </value>
            </param>
            <param index="1">
              <value>
                <![CDATA["Optional[Login feature]"]]>
              </value>
            </param>
          </params>
          <reporter-output>
          </reporter-output>
        </test-method> <!-- runScenario -->
        <test-method signature="runScenario(io.cucumber.testng.PickleWrapper,io.cucumber.testng.FeatureWrapper)[pri:0, instance:testrunners.CucumberTestRunner@3cebbb30]" started-at="2024-03-30T13:30:16 BDT" name="runScenario" description="Runs Cucumber Scenarios" data-provider="scenarios" finished-at="2024-03-30T13:30:21 BDT" duration-ms="4705" status="PASS">
          <params>
            <param index="0">
              <value>
                <![CDATA["User should be able to see the credential placeholder"]]>
              </value>
            </param>
            <param index="1">
              <value>
                <![CDATA["Optional[Login feature]"]]>
              </value>
            </param>
          </params>
          <reporter-output>
          </reporter-output>
        </test-method> <!-- runScenario -->
        <test-method is-config="true" signature="tearDownClass()[pri:0, instance:testrunners.CucumberTestRunner@3cebbb30]" started-at="2024-03-30T13:30:21 BDT" name="tearDownClass" finished-at="2024-03-30T13:30:26 BDT" duration-ms="5731" status="PASS">
          <reporter-output>
          </reporter-output>
        </test-method> <!-- tearDownClass -->
      </class> <!-- testrunners.CucumberTestRunner -->
    </test> <!-- Surefire test -->
  </suite> <!-- Surefire suite -->
</testng-results>
