<?xml version="1.0" encoding="UTF-8"?>
<testsuite xmlns:xsi="http://www.w3.org/2001/XMLSchema-instance" xsi:noNamespaceSchemaLocation="https://maven.apache.org/surefire/maven-surefire-plugin/xsd/surefire-test-report-3.0.xsd" version="3.0" name="testrunners.CucumberTestRunner" time="34.307" tests="10" errors="0" skipped="0" failures="0">
  <properties>
[...]
</properties>
  <testcase name="runScenario" classname="testrunners.CucumberTestRunner" time="5.939"/>
  <testcase name="runScenario" classname="testrunners.CucumberTestRunner" time="0.107"/>
  <testcase name="runScenario" classname="testrunners.CucumberTestRunner" time="5.245"/>
  <testcase name="runScenario" classname="testrunners.CucumberTestRunner" time="0.076"/>
  <testcase name="runScenario" classname="testrunners.CucumberTestRunner" time="5.019"/>
  <testcase name="runScenario" classname="testrunners.CucumberTestRunner" time="0.559"/>
  <testcase name="runScenario" classname="testrunners.CucumberTestRunner" time="5.029"/>
  <testcase name="runScenario" classname="testrunners.CucumberTestRunner" time="0.318"/>
  <testcase name="runScenario" classname="testrunners.CucumberTestRunner" time="4.705"/>
  <testcase name="runScenario" classname="testrunners.CucumberTestRunner" time="4.736"/>
</testsuite>